[ 2015-08-27T16:43:18+08:00 ] 127.0.0.1 /tppdf/
INFO: [ app_init ] --START--
INFO: Run Behavior\BuildLiteBehavior [ RunTime:0.001000s ]
INFO: [ app_init ] --END-- [ RunTime:0.001000s ]
INFO: [ app_begin ] --START--
INFO: Run Behavior\ReadHtmlCacheBehavior [ RunTime:0.002000s ]
INFO: [ app_begin ] --END-- [ RunTime:0.003000s ]
INFO: [ view_parse ] --START--
INFO: [ template_filter ] --START--
INFO: Run Behavior\ContentReplaceBehavior [ RunTime:0.000000s ]
INFO: [ template_filter ] --END-- [ RunTime:0.000000s ]
INFO: Run Behavior\ParseTemplateBehavior [ RunTime:0.054003s ]
INFO: [ view_parse ] --END-- [ RunTime:0.054003s ]
INFO: [ view_filter ] --START--
INFO: Run Behavior\WriteHtmlCacheBehavior [ RunTime:0.007000s ]
INFO: [ view_filter ] --END-- [ RunTime:0.007000s ]
INFO: [ app_end ] --START--
INFO: Run Behavior\ShowPageTraceBehavior [ RunTime:0.002000s ]
INFO: [ app_end ] --END-- [ RunTime:0.002000s ]

[ 2015-08-27T16:57:50+08:00 ] 127.0.0.1 /tppdf/
INFO: [ app_init ] --START--
INFO: Run Behavior\BuildLiteBehavior [ RunTime:0.000000s ]
INFO: [ app_init ] --END-- [ RunTime:0.002000s ]
INFO: [ app_begin ] --START--
INFO: Run Behavior\ReadHtmlCacheBehavior [ RunTime:0.002000s ]
INFO: [ app_begin ] --END-- [ RunTime:0.003000s ]

[ 2015-08-27T16:57:53+08:00 ] 127.0.0.1 /tppdf/
INFO: [ app_init ] --START--
INFO: Run Behavior\BuildLiteBehavior [ RunTime:0.000000s ]
INFO: [ app_init ] --END-- [ RunTime:0.002000s ]
INFO: [ app_begin ] --START--
INFO: Run Behavior\ReadHtmlCacheBehavior [ RunTime:0.005000s ]
INFO: [ app_begin ] --END-- [ RunTime:0.005000s ]

[ 2015-08-27T16:59:44+08:00 ] 127.0.0.1 /tppdf/
INFO: [ app_init ] --START--
INFO: Run Behavior\BuildLiteBehavior [ RunTime:0.000000s ]
INFO: [ app_init ] --END-- [ RunTime:0.002000s ]
INFO: [ app_begin ] --START--
INFO: Run Behavior\ReadHtmlCacheBehavior [ RunTime:0.002000s ]
INFO: [ app_begin ] --END-- [ RunTime:0.003000s ]

[ 2015-08-27T17:01:09+08:00 ] 127.0.0.1 /tppdf/
INFO: [ app_init ] --START--
INFO: Run Behavior\BuildLiteBehavior [ RunTime:0.000000s ]
INFO: [ app_init ] --END-- [ RunTime:0.002000s ]
INFO: [ app_begin ] --START--
INFO: Run Behavior\ReadHtmlCacheBehavior [ RunTime:0.009001s ]
INFO: [ app_begin ] --END-- [ RunTime:0.009001s ]

[ 2015-08-27T17:06:14+08:00 ] 127.0.0.1 /tppdf/
INFO: [ app_init ] --START--
INFO: Run Behavior\BuildLiteBehavior [ RunTime:0.000000s ]
INFO: [ app_init ] --END-- [ RunTime:0.002000s ]
INFO: [ app_begin ] --START--
INFO: Run Behavior\ReadHtmlCacheBehavior [ RunTime:0.001000s ]
INFO: [ app_begin ] --END-- [ RunTime:0.002000s ]

[ 2015-08-27T17:06:15+08:00 ] 127.0.0.1 /tppdf/
INFO: [ app_init ] --START--
INFO: Run Behavior\BuildLiteBehavior [ RunTime:0.000000s ]
INFO: [ app_init ] --END-- [ RunTime:0.001000s ]
INFO: [ app_begin ] --START--
INFO: Run Behavior\ReadHtmlCacheBehavior [ RunTime:0.002000s ]
INFO: [ app_begin ] --END-- [ RunTime:0.003000s ]

[ 2015-08-27T17:08:14+08:00 ] 127.0.0.1 /tppdf/
INFO: [ app_init ] --START--
INFO: Run Behavior\BuildLiteBehavior [ RunTime:0.000000s ]
INFO: [ app_init ] --END-- [ RunTime:0.002001s ]
INFO: [ app_begin ] --START--
INFO: Run Behavior\ReadHtmlCacheBehavior [ RunTime:0.002000s ]
INFO: [ app_begin ] --END-- [ RunTime:0.003000s ]

[ 2015-08-27T17:08:16+08:00 ] 127.0.0.1 /tppdf/
INFO: [ app_init ] --START--
INFO: Run Behavior\BuildLiteBehavior [ RunTime:0.000000s ]
INFO: [ app_init ] --END-- [ RunTime:0.002000s ]
INFO: [ app_begin ] --START--
INFO: Run Behavior\ReadHtmlCacheBehavior [ RunTime:0.003000s ]
INFO: [ app_begin ] --END-- [ RunTime:0.003000s ]

[ 2015-08-27T17:11:46+08:00 ] 127.0.0.1 /tppdf/
INFO: [ app_init ] --START--
INFO: Run Behavior\BuildLiteBehavior [ RunTime:0.000000s ]
INFO: [ app_init ] --END-- [ RunTime:0.002000s ]
INFO: [ app_begin ] --START--
INFO: Run Behavior\ReadHtmlCacheBehavior [ RunTime:0.001000s ]
INFO: [ app_begin ] --END-- [ RunTime:0.003000s ]

[ 2015-08-27T17:11:49+08:00 ] 127.0.0.1 /tppdf/
INFO: [ app_init ] --START--
INFO: Run Behavior\BuildLiteBehavior [ RunTime:0.001000s ]
INFO: [ app_init ] --END-- [ RunTime:0.002000s ]
INFO: [ app_begin ] --START--
INFO: Run Behavior\ReadHtmlCacheBehavior [ RunTime:0.003000s ]
INFO: [ app_begin ] --END-- [ RunTime:0.003000s ]

[ 2015-08-27T17:12:06+08:00 ] 127.0.0.1 /tppdf/
INFO: [ app_init ] --START--
INFO: Run Behavior\BuildLiteBehavior [ RunTime:0.001000s ]
INFO: [ app_init ] --END-- [ RunTime:0.002000s ]
INFO: [ app_begin ] --START--
INFO: Run Behavior\ReadHtmlCacheBehavior [ RunTime:0.002001s ]
INFO: [ app_begin ] --END-- [ RunTime:0.002001s ]

[ 2015-08-27T17:12:51+08:00 ] 127.0.0.1 /tppdf/
INFO: [ app_init ] --START--
INFO: Run Behavior\BuildLiteBehavior [ RunTime:0.000000s ]
INFO: [ app_init ] --END-- [ RunTime:0.001000s ]
INFO: [ app_begin ] --START--
INFO: Run Behavior\ReadHtmlCacheBehavior [ RunTime:0.004000s ]
INFO: [ app_begin ] --END-- [ RunTime:0.004000s ]
NOTIC: [8] Constant K_BLANK_IMAGE already defined E:\wamp\www\phpeclipse\tppdf\ThinkPHP\Library\Tools\TCPDF\config\tcpdf_config.php 第 87 行.
NOTIC: [8] Constant PDF_PAGE_FORMAT already defined E:\wamp\www\phpeclipse\tppdf\ThinkPHP\Library\Tools\TCPDF\config\tcpdf_config.php 第 92 行.
NOTIC: [8] Constant PDF_PAGE_ORIENTATION already defined E:\wamp\www\phpeclipse\tppdf\ThinkPHP\Library\Tools\TCPDF\config\tcpdf_config.php 第 97 行.
NOTIC: [8] Constant PDF_CREATOR already defined E:\wamp\www\phpeclipse\tppdf\ThinkPHP\Library\Tools\TCPDF\config\tcpdf_config.php 第 102 行.
NOTIC: [8] Constant PDF_AUTHOR already defined E:\wamp\www\phpeclipse\tppdf\ThinkPHP\Library\Tools\TCPDF\config\tcpdf_config.php 第 107 行.
NOTIC: [8] Constant PDF_HEADER_TITLE already defined E:\wamp\www\phpeclipse\tppdf\ThinkPHP\Library\Tools\TCPDF\config\tcpdf_config.php 第 112 行.
NOTIC: [8] Constant PDF_HEADER_STRING already defined E:\wamp\www\phpeclipse\tppdf\ThinkPHP\Library\Tools\TCPDF\config\tcpdf_config.php 第 117 行.
NOTIC: [8] Constant PDF_UNIT already defined E:\wamp\www\phpeclipse\tppdf\ThinkPHP\Library\Tools\TCPDF\config\tcpdf_config.php 第 122 行.
NOTIC: [8] Constant PDF_MARGIN_HEADER already defined E:\wamp\www\phpeclipse\tppdf\ThinkPHP\Library\Tools\TCPDF\config\tcpdf_config.php 第 127 行.
NOTIC: [8] Constant PDF_MARGIN_FOOTER already defined E:\wamp\www\phpeclipse\tppdf\ThinkPHP\Library\Tools\TCPDF\config\tcpdf_config.php 第 132 行.
NOTIC: [8] Constant PDF_MARGIN_TOP already defined E:\wamp\www\phpeclipse\tppdf\ThinkPHP\Library\Tools\TCPDF\config\tcpdf_config.php 第 137 行.
NOTIC: [8] Constant PDF_MARGIN_BOTTOM already defined E:\wamp\www\phpeclipse\tppdf\ThinkPHP\Library\Tools\TCPDF\config\tcpdf_config.php 第 142 行.
NOTIC: [8] Constant PDF_MARGIN_LEFT already defined E:\wamp\www\phpeclipse\tppdf\ThinkPHP\Library\Tools\TCPDF\config\tcpdf_config.php 第 147 行.
NOTIC: [8] Constant PDF_MARGIN_RIGHT already defined E:\wamp\www\phpeclipse\tppdf\ThinkPHP\Library\Tools\TCPDF\config\tcpdf_config.php 第 152 行.
NOTIC: [8] Constant PDF_FONT_NAME_MAIN already defined E:\wamp\www\phpeclipse\tppdf\ThinkPHP\Library\Tools\TCPDF\config\tcpdf_config.php 第 157 行.
NOTIC: [8] Constant PDF_FONT_SIZE_MAIN already defined E:\wamp\www\phpeclipse\tppdf\ThinkPHP\Library\Tools\TCPDF\config\tcpdf_config.php 第 162 行.
NOTIC: [8] Constant PDF_FONT_NAME_DATA already defined E:\wamp\www\phpeclipse\tppdf\ThinkPHP\Library\Tools\TCPDF\config\tcpdf_config.php 第 167 行.
NOTIC: [8] Constant PDF_FONT_SIZE_DATA already defined E:\wamp\www\phpeclipse\tppdf\ThinkPHP\Library\Tools\TCPDF\config\tcpdf_config.php 第 172 行.
NOTIC: [8] Constant PDF_FONT_MONOSPACED already defined E:\wamp\www\phpeclipse\tppdf\ThinkPHP\Library\Tools\TCPDF\config\tcpdf_config.php 第 177 行.
NOTIC: [8] Constant PDF_IMAGE_SCALE_RATIO already defined E:\wamp\www\phpeclipse\tppdf\ThinkPHP\Library\Tools\TCPDF\config\tcpdf_config.php 第 182 行.
NOTIC: [8] Constant HEAD_MAGNIFICATION already defined E:\wamp\www\phpeclipse\tppdf\ThinkPHP\Library\Tools\TCPDF\config\tcpdf_config.php 第 187 行.
NOTIC: [8] Constant K_CELL_HEIGHT_RATIO already defined E:\wamp\www\phpeclipse\tppdf\ThinkPHP\Library\Tools\TCPDF\config\tcpdf_config.php 第 192 行.
NOTIC: [8] Constant K_TITLE_MAGNIFICATION already defined E:\wamp\www\phpeclipse\tppdf\ThinkPHP\Library\Tools\TCPDF\config\tcpdf_config.php 第 197 行.
NOTIC: [8] Constant K_SMALL_RATIO already defined E:\wamp\www\phpeclipse\tppdf\ThinkPHP\Library\Tools\TCPDF\config\tcpdf_config.php 第 202 行.
NOTIC: [8] Constant K_THAI_TOPCHARS already defined E:\wamp\www\phpeclipse\tppdf\ThinkPHP\Library\Tools\TCPDF\config\tcpdf_config.php 第 207 行.
NOTIC: [8] Constant K_TCPDF_CALLS_IN_HTML already defined E:\wamp\www\phpeclipse\tppdf\ThinkPHP\Library\Tools\TCPDF\config\tcpdf_config.php 第 213 行.
NOTIC: [8] Constant K_TCPDF_THROW_EXCEPTION_ERROR already defined E:\wamp\www\phpeclipse\tppdf\ThinkPHP\Library\Tools\TCPDF\config\tcpdf_config.php 第 218 行.
NOTIC: [8] Constant K_TIMEZONE already defined E:\wamp\www\phpeclipse\tppdf\ThinkPHP\Library\Tools\TCPDF\config\tcpdf_config.php 第 223 行.
INFO: [ app_end ] --START--
INFO: Run Behavior\ShowPageTraceBehavior [ RunTime:0.002000s ]
INFO: [ app_end ] --END-- [ RunTime:0.003001s ]

[ 2015-08-27T17:12:51+08:00 ] 127.0.0.1 /tppdf/
INFO: [ app_init ] --START--
INFO: Run Behavior\BuildLiteBehavior [ RunTime:0.000000s ]
INFO: [ app_init ] --END-- [ RunTime:0.002000s ]
INFO: [ app_begin ] --START--
INFO: Run Behavior\ReadHtmlCacheBehavior [ RunTime:0.002000s ]
INFO: [ app_begin ] --END-- [ RunTime:0.002000s ]
NOTIC: [8] Constant K_BLANK_IMAGE already defined E:\wamp\www\phpeclipse\tppdf\ThinkPHP\Library\Tools\TCPDF\config\tcpdf_config.php 第 87 行.
NOTIC: [8] Constant PDF_PAGE_FORMAT already defined E:\wamp\www\phpeclipse\tppdf\ThinkPHP\Library\Tools\TCPDF\config\tcpdf_config.php 第 92 行.
NOTIC: [8] Constant PDF_PAGE_ORIENTATION already defined E:\wamp\www\phpeclipse\tppdf\ThinkPHP\Library\Tools\TCPDF\config\tcpdf_config.php 第 97 行.
NOTIC: [8] Constant PDF_CREATOR already defined E:\wamp\www\phpeclipse\tppdf\ThinkPHP\Library\Tools\TCPDF\config\tcpdf_config.php 第 102 行.
NOTIC: [8] Constant PDF_AUTHOR already defined E:\wamp\www\phpeclipse\tppdf\ThinkPHP\Library\Tools\TCPDF\config\tcpdf_config.php 第 107 行.
NOTIC: [8] Constant PDF_HEADER_TITLE already defined E:\wamp\www\phpeclipse\tppdf\ThinkPHP\Library\Tools\TCPDF\config\tcpdf_config.php 第 112 行.
NOTIC: [8] Constant PDF_HEADER_STRING already defined E:\wamp\www\phpeclipse\tppdf\ThinkPHP\Library\Tools\TCPDF\config\tcpdf_config.php 第 117 行.
NOTIC: [8] Constant PDF_UNIT already defined E:\wamp\www\phpeclipse\tppdf\ThinkPHP\Library\Tools\TCPDF\config\tcpdf_config.php 第 122 行.
NOTIC: [8] Constant PDF_MARGIN_HEADER already defined E:\wamp\www\phpeclipse\tppdf\ThinkPHP\Library\Tools\TCPDF\config\tcpdf_config.php 第 127 行.
NOTIC: [8] Constant PDF_MARGIN_FOOTER already defined E:\wamp\www\phpeclipse\tppdf\ThinkPHP\Library\Tools\TCPDF\config\tcpdf_config.php 第 132 行.
NOTIC: [8] Constant PDF_MARGIN_TOP already defined E:\wamp\www\phpeclipse\tppdf\ThinkPHP\Library\Tools\TCPDF\config\tcpdf_config.php 第 137 行.
NOTIC: [8] Constant PDF_MARGIN_BOTTOM already defined E:\wamp\www\phpeclipse\tppdf\ThinkPHP\Library\Tools\TCPDF\config\tcpdf_config.php 第 142 行.
NOTIC: [8] Constant PDF_MARGIN_LEFT already defined E:\wamp\www\phpeclipse\tppdf\ThinkPHP\Library\Tools\TCPDF\config\tcpdf_config.php 第 147 行.
NOTIC: [8] Constant PDF_MARGIN_RIGHT already defined E:\wamp\www\phpeclipse\tppdf\ThinkPHP\Library\Tools\TCPDF\config\tcpdf_config.php 第 152 行.
NOTIC: [8] Constant PDF_FONT_NAME_MAIN already defined E:\wamp\www\phpeclipse\tppdf\ThinkPHP\Library\Tools\TCPDF\config\tcpdf_config.php 第 157 行.
NOTIC: [8] Constant PDF_FONT_SIZE_MAIN already defined E:\wamp\www\phpeclipse\tppdf\ThinkPHP\Library\Tools\TCPDF\config\tcpdf_config.php 第 162 行.
NOTIC: [8] Constant PDF_FONT_NAME_DATA already defined E:\wamp\www\phpeclipse\tppdf\ThinkPHP\Library\Tools\TCPDF\config\tcpdf_config.php 第 167 行.
NOTIC: [8] Constant PDF_FONT_SIZE_DATA already defined E:\wamp\www\phpeclipse\tppdf\ThinkPHP\Library\Tools\TCPDF\config\tcpdf_config.php 第 172 行.
NOTIC: [8] Constant PDF_FONT_MONOSPACED already defined E:\wamp\www\phpeclipse\tppdf\ThinkPHP\Library\Tools\TCPDF\config\tcpdf_config.php 第 177 行.
NOTIC: [8] Constant PDF_IMAGE_SCALE_RATIO already defined E:\wamp\www\phpeclipse\tppdf\ThinkPHP\Library\Tools\TCPDF\config\tcpdf_config.php 第 182 行.
NOTIC: [8] Constant HEAD_MAGNIFICATION already defined E:\wamp\www\phpeclipse\tppdf\ThinkPHP\Library\Tools\TCPDF\config\tcpdf_config.php 第 187 行.
NOTIC: [8] Constant K_CELL_HEIGHT_RATIO already defined E:\wamp\www\phpeclipse\tppdf\ThinkPHP\Library\Tools\TCPDF\config\tcpdf_config.php 第 192 行.
NOTIC: [8] Constant K_TITLE_MAGNIFICATION already defined E:\wamp\www\phpeclipse\tppdf\ThinkPHP\Library\Tools\TCPDF\config\tcpdf_config.php 第 197 行.
NOTIC: [8] Constant K_SMALL_RATIO already defined E:\wamp\www\phpeclipse\tppdf\ThinkPHP\Library\Tools\TCPDF\config\tcpdf_config.php 第 202 行.
NOTIC: [8] Constant K_THAI_TOPCHARS already defined E:\wamp\www\phpeclipse\tppdf\ThinkPHP\Library\Tools\TCPDF\config\tcpdf_config.php 第 207 行.
NOTIC: [8] Constant K_TCPDF_CALLS_IN_HTML already defined E:\wamp\www\phpeclipse\tppdf\ThinkPHP\Library\Tools\TCPDF\config\tcpdf_config.php 第 213 行.
NOTIC: [8] Constant K_TCPDF_THROW_EXCEPTION_ERROR already defined E:\wamp\www\phpeclipse\tppdf\ThinkPHP\Library\Tools\TCPDF\config\tcpdf_config.php 第 218 行.
NOTIC: [8] Constant K_TIMEZONE already defined E:\wamp\www\phpeclipse\tppdf\ThinkPHP\Library\Tools\TCPDF\config\tcpdf_config.php 第 223 行.
INFO: [ app_end ] --START--
INFO: Run Behavior\ShowPageTraceBehavior [ RunTime:0.003000s ]
INFO: [ app_end ] --END-- [ RunTime:0.003000s ]

[ 2015-08-27T17:13:24+08:00 ] 127.0.0.1 /tppdf/
INFO: [ app_init ] --START--
INFO: Run Behavior\BuildLiteBehavior [ RunTime:0.000000s ]
INFO: [ app_init ] --END-- [ RunTime:0.004000s ]
INFO: [ app_begin ] --START--
INFO: Run Behavior\ReadHtmlCacheBehavior [ RunTime:0.004001s ]
INFO: [ app_begin ] --END-- [ RunTime:0.005001s ]
INFO: [ app_end ] --START--
INFO: Run Behavior\ShowPageTraceBehavior [ RunTime:0.001000s ]
INFO: [ app_end ] --END-- [ RunTime:0.003000s ]

[ 2015-08-27T17:18:27+08:00 ] 127.0.0.1 /tppdf/
INFO: [ app_init ] --START--
INFO: Run Behavior\BuildLiteBehavior [ RunTime:0.000000s ]
INFO: [ app_init ] --END-- [ RunTime:0.003000s ]
INFO: [ app_begin ] --START--
INFO: Run Behavior\ReadHtmlCacheBehavior [ RunTime:0.013001s ]
INFO: [ app_begin ] --END-- [ RunTime:0.013001s ]
INFO: [ app_end ] --START--
INFO: Run Behavior\ShowPageTraceBehavior [ RunTime:0.002000s ]
INFO: [ app_end ] --END-- [ RunTime:0.002000s ]

[ 2015-08-27T17:18:53+08:00 ] 127.0.0.1 /tppdf/
INFO: [ app_init ] --START--
INFO: Run Behavior\BuildLiteBehavior [ RunTime:0.000000s ]
INFO: [ app_init ] --END-- [ RunTime:0.002000s ]
INFO: [ app_begin ] --START--
INFO: Run Behavior\ReadHtmlCacheBehavior [ RunTime:0.001000s ]
INFO: [ app_begin ] --END-- [ RunTime:0.002000s ]
INFO: [ app_end ] --START--
INFO: Run Behavior\ShowPageTraceBehavior [ RunTime:0.002000s ]
INFO: [ app_end ] --END-- [ RunTime:0.002000s ]

[ 2015-08-27T17:19:10+08:00 ] 127.0.0.1 /tppdf/
INFO: [ app_init ] --START--
INFO: Run Behavior\BuildLiteBehavior [ RunTime:0.000000s ]
INFO: [ app_init ] --END-- [ RunTime:0.002000s ]
INFO: [ app_begin ] --START--
INFO: Run Behavior\ReadHtmlCacheBehavior [ RunTime:0.003000s ]
INFO: [ app_begin ] --END-- [ RunTime:0.004001s ]
INFO: [ app_end ] --START--
INFO: Run Behavior\ShowPageTraceBehavior [ RunTime:0.001000s ]
INFO: [ app_end ] --END-- [ RunTime:0.002000s ]

